2022-02-22 10:52:16.4862|0|DEBUG|Program|init main |url: |action: |Program.<Main>$
2022-02-22 10:52:19.5324|14|INFO|Microsoft.Hosting.Lifetime|Now listening on: http://localhost:5000 |url: |action: |Microsoft.AspNetCore.Hosting.GenericWebHostService.StartAsync
2022-02-22 10:52:19.5720|14|INFO|Microsoft.Hosting.Lifetime|Now listening on: https://localhost:5001 |url: |action: |Microsoft.AspNetCore.Hosting.GenericWebHostService.StartAsync
2022-02-22 10:52:19.5894|0|INFO|Microsoft.Hosting.Lifetime|Application started. Press Ctrl+C to shut down. |url: |action: |Microsoft.Extensions.Hosting.Internal.ConsoleLifetime.OnApplicationStarted
2022-02-22 10:52:19.5968|0|INFO|Microsoft.Hosting.Lifetime|Hosting environment: Development |url: |action: |Microsoft.Extensions.Hosting.Internal.ConsoleLifetime.OnApplicationStarted
2022-02-22 10:52:19.5968|0|INFO|Microsoft.Hosting.Lifetime|Content root path: C:\Users\hp\Documents\_projects\lifething\lifething_server\ |url: |action: |Microsoft.Extensions.Hosting.Internal.ConsoleLifetime.OnApplicationStarted
2022-02-22 10:55:31.5851|0|DEBUG|Program|init main |url: |action: |Program.<Main>$
2022-02-22 10:55:32.5186|14|INFO|Microsoft.Hosting.Lifetime|Now listening on: http://localhost:5000 |url: |action: |Microsoft.AspNetCore.Hosting.GenericWebHostService.StartAsync
2022-02-22 10:55:32.5357|14|INFO|Microsoft.Hosting.Lifetime|Now listening on: https://localhost:5001 |url: |action: |Microsoft.AspNetCore.Hosting.GenericWebHostService.StartAsync
2022-02-22 10:55:32.5357|0|INFO|Microsoft.Hosting.Lifetime|Application started. Press Ctrl+C to shut down. |url: |action: |Microsoft.Extensions.Hosting.Internal.ConsoleLifetime.OnApplicationStarted
2022-02-22 10:55:32.5357|0|INFO|Microsoft.Hosting.Lifetime|Hosting environment: Development |url: |action: |Microsoft.Extensions.Hosting.Internal.ConsoleLifetime.OnApplicationStarted
2022-02-22 10:55:32.5357|0|INFO|Microsoft.Hosting.Lifetime|Content root path: C:\Users\hp\Documents\_projects\lifething\lifething_server\ |url: |action: |Microsoft.Extensions.Hosting.Internal.ConsoleLifetime.OnApplicationStarted
2022-02-22 10:55:45.1181|1|ERROR|Microsoft.AspNetCore.Diagnostics.DeveloperExceptionPageMiddleware|An unhandled exception has occurred while executing the request. Swashbuckle.AspNetCore.SwaggerGen.SwaggerGeneratorException: Ambiguous HTTP method for action - lifething_server.Controllers.AccountController.Logout (lifething_server). Actions require an explicit HttpMethod binding for Swagger/OpenAPI 3.0
   at Swashbuckle.AspNetCore.SwaggerGen.SwaggerGenerator.GenerateOperations(IEnumerable`1 apiDescriptions, SchemaRepository schemaRepository)
   at Swashbuckle.AspNetCore.SwaggerGen.SwaggerGenerator.GeneratePaths(IEnumerable`1 apiDescriptions, SchemaRepository schemaRepository)
   at Swashbuckle.AspNetCore.SwaggerGen.SwaggerGenerator.GetSwagger(String documentName, String host, String basePath)
   at Swashbuckle.AspNetCore.Swagger.SwaggerMiddleware.Invoke(HttpContext httpContext, ISwaggerProvider swaggerProvider)
   at Microsoft.AspNetCore.Diagnostics.DeveloperExceptionPageMiddleware.Invoke(HttpContext context)|url: https://localhost/swagger/v1/swagger.json|action: |Microsoft.AspNetCore.Diagnostics.DiagnosticsLoggerExtensions.UnhandledException
2022-02-22 10:56:03.7485|1|ERROR|Microsoft.AspNetCore.Diagnostics.DeveloperExceptionPageMiddleware|An unhandled exception has occurred while executing the request. Swashbuckle.AspNetCore.SwaggerGen.SwaggerGeneratorException: Ambiguous HTTP method for action - lifething_server.Controllers.AccountController.Logout (lifething_server). Actions require an explicit HttpMethod binding for Swagger/OpenAPI 3.0
   at Swashbuckle.AspNetCore.SwaggerGen.SwaggerGenerator.GenerateOperations(IEnumerable`1 apiDescriptions, SchemaRepository schemaRepository)
   at Swashbuckle.AspNetCore.SwaggerGen.SwaggerGenerator.GeneratePaths(IEnumerable`1 apiDescriptions, SchemaRepository schemaRepository)
   at Swashbuckle.AspNetCore.SwaggerGen.SwaggerGenerator.GetSwagger(String documentName, String host, String basePath)
   at Swashbuckle.AspNetCore.Swagger.SwaggerMiddleware.Invoke(HttpContext httpContext, ISwaggerProvider swaggerProvider)
   at Microsoft.AspNetCore.Diagnostics.DeveloperExceptionPageMiddleware.Invoke(HttpContext context)|url: https://localhost/swagger/v1/swagger.json|action: |Microsoft.AspNetCore.Diagnostics.DiagnosticsLoggerExtensions.UnhandledException
2022-02-22 10:56:15.6074|1|ERROR|Microsoft.AspNetCore.Diagnostics.DeveloperExceptionPageMiddleware|An unhandled exception has occurred while executing the request. Swashbuckle.AspNetCore.SwaggerGen.SwaggerGeneratorException: Ambiguous HTTP method for action - lifething_server.Controllers.AccountController.Logout (lifething_server). Actions require an explicit HttpMethod binding for Swagger/OpenAPI 3.0
   at Swashbuckle.AspNetCore.SwaggerGen.SwaggerGenerator.GenerateOperations(IEnumerable`1 apiDescriptions, SchemaRepository schemaRepository)
   at Swashbuckle.AspNetCore.SwaggerGen.SwaggerGenerator.GeneratePaths(IEnumerable`1 apiDescriptions, SchemaRepository schemaRepository)
   at Swashbuckle.AspNetCore.SwaggerGen.SwaggerGenerator.GetSwagger(String documentName, String host, String basePath)
   at Swashbuckle.AspNetCore.Swagger.SwaggerMiddleware.Invoke(HttpContext httpContext, ISwaggerProvider swaggerProvider)
   at Microsoft.AspNetCore.Diagnostics.DeveloperExceptionPageMiddleware.Invoke(HttpContext context)|url: https://localhost/swagger/v1/swagger.json|action: |Microsoft.AspNetCore.Diagnostics.DiagnosticsLoggerExtensions.UnhandledException
2022-02-22 10:56:48.2411|0|DEBUG|Program|init main |url: |action: |Program.<Main>$
2022-02-22 10:56:49.0092|14|INFO|Microsoft.Hosting.Lifetime|Now listening on: http://localhost:5000 |url: |action: |Microsoft.AspNetCore.Hosting.GenericWebHostService.StartAsync
2022-02-22 10:56:49.0283|14|INFO|Microsoft.Hosting.Lifetime|Now listening on: https://localhost:5001 |url: |action: |Microsoft.AspNetCore.Hosting.GenericWebHostService.StartAsync
2022-02-22 10:56:49.0306|0|INFO|Microsoft.Hosting.Lifetime|Application started. Press Ctrl+C to shut down. |url: |action: |Microsoft.Extensions.Hosting.Internal.ConsoleLifetime.OnApplicationStarted
2022-02-22 10:56:49.0306|0|INFO|Microsoft.Hosting.Lifetime|Hosting environment: Development |url: |action: |Microsoft.Extensions.Hosting.Internal.ConsoleLifetime.OnApplicationStarted
2022-02-22 10:56:49.0306|0|INFO|Microsoft.Hosting.Lifetime|Content root path: C:\Users\hp\Documents\_projects\lifething\lifething_server\ |url: |action: |Microsoft.Extensions.Hosting.Internal.ConsoleLifetime.OnApplicationStarted
2022-02-22 10:57:47.7157|0|INFO|lifething_server.Controllers.AccountController|User Joined |url: https://localhost/Account/register|action: Register|lifething_server.Controllers.AccountController+<Register>d__10.MoveNext
2022-02-22 11:01:50.0338|0|DEBUG|Program|init main |url: |action: |Program.<Main>$
2022-02-22 11:01:51.0645|14|INFO|Microsoft.Hosting.Lifetime|Now listening on: http://localhost:5000 |url: |action: |Microsoft.AspNetCore.Hosting.GenericWebHostService.StartAsync
2022-02-22 11:01:51.0840|14|INFO|Microsoft.Hosting.Lifetime|Now listening on: https://localhost:5001 |url: |action: |Microsoft.AspNetCore.Hosting.GenericWebHostService.StartAsync
2022-02-22 11:01:51.0840|0|INFO|Microsoft.Hosting.Lifetime|Application started. Press Ctrl+C to shut down. |url: |action: |Microsoft.Extensions.Hosting.Internal.ConsoleLifetime.OnApplicationStarted
2022-02-22 11:01:51.0840|0|INFO|Microsoft.Hosting.Lifetime|Hosting environment: Development |url: |action: |Microsoft.Extensions.Hosting.Internal.ConsoleLifetime.OnApplicationStarted
2022-02-22 11:01:51.0924|0|INFO|Microsoft.Hosting.Lifetime|Content root path: C:\Users\hp\Documents\_projects\lifething\lifething_server\ |url: |action: |Microsoft.Extensions.Hosting.Internal.ConsoleLifetime.OnApplicationStarted
2022-02-22 11:02:09.7404|0|INFO|lifething_server.Controllers.AccountController|User Joined |url: https://localhost/Account/register|action: Register|lifething_server.Controllers.AccountController+<Register>d__10.MoveNext
